2019-06-22 11:52:13,572 [ALERT] alert message
2019-06-22 11:52:13,572 [CRIT] crit message
2019-06-22 11:52:13,572 [DEBUG] debug message
2019-06-22 11:52:13,572 [ERROR] error message
2019-06-22 11:52:13,572 [FATAL] emerg message
2019-06-22 11:52:13,572 [INFO] info message
2019-06-22 11:52:13,572 [FATAL] fatal message
2019-06-22 11:52:13,572 [WARN] warn message
2019-06-22 11:52:13,572 [ALERT] alert message
2019-06-22 11:52:13,573 [CRIT] crit message
2019-06-22 11:52:13,573 [DEBUG] debug message
2019-06-22 11:52:13,573 [ERROR] error message
2019-06-22 11:52:13,573 [FATAL] emerg message
2019-06-22 11:52:13,573 [INFO] info message
2019-06-22 11:52:13,573 [FATAL] fatal message
2019-06-22 11:52:13,573 [WARN] warn message
2019-06-22 11:52:13,573 [ALERT] alert message
2019-06-22 11:52:13,573 [CRIT] crit message
2019-06-22 11:52:13,573 [DEBUG] debug message
2019-06-22 11:52:13,573 [ERROR] error message
2019-06-22 11:52:13,573 [FATAL] emerg message
2019-06-22 11:52:13,573 [INFO] info message
2019-06-22 11:52:13,573 [FATAL] fatal message
2019-06-22 11:52:13,573 [WARN] warn message
2019-06-22 11:52:13,573 [ALERT] alert message
2019-06-22 11:52:13,573 [CRIT] crit message
2019-06-22 11:52:13,573 [DEBUG] debug message
2019-06-22 11:52:13,573 [ERROR] error message
2019-06-22 11:52:13,573 [FATAL] emerg message
2019-06-22 11:52:13,573 [INFO] info message
2019-06-22 11:52:13,573 [FATAL] fatal message
2019-06-22 11:52:13,573 [WARN] warn message
2019-06-22 11:52:13,573 [ALERT] alert message
2019-06-22 11:52:13,573 [CRIT] crit message
2019-06-22 11:52:13,573 [DEBUG] debug message
2019-06-22 11:52:13,573 [ERROR] error message
2019-06-22 11:52:13,573 [FATAL] emerg message
2019-06-22 11:52:13,573 [INFO] info message
2019-06-22 11:52:13,573 [FATAL] fatal message
2019-06-22 11:52:13,573 [WARN] warn message
2019-06-22 11:52:13,573 [ALERT] alert message
2019-06-22 11:52:13,573 [CRIT] crit message
2019-06-22 11:52:13,573 [DEBUG] debug message
2019-06-22 11:52:13,573 [ERROR] error message
2019-06-22 11:52:13,573 [FATAL] emerg message
2019-06-22 11:52:13,573 [INFO] info message
2019-06-22 11:52:13,573 [FATAL] fatal message
2019-06-22 11:52:13,573 [WARN] warn message
2019-06-22 11:52:13,573 [ALERT] alert message
2019-06-22 11:52:13,573 [CRIT] crit message
2019-06-22 11:52:13,573 [DEBUG] debug message
2019-06-22 11:52:13,573 [ERROR] error message
2019-06-22 11:52:13,573 [FATAL] emerg message
2019-06-22 11:52:13,573 [INFO] info message
2019-06-22 11:52:13,573 [FATAL] fatal message
2019-06-22 11:52:13,573 [WARN] warn message
2019-06-22 11:52:13,573 [ALERT] alert message
2019-06-22 11:52:13,573 [CRIT] crit message
2019-06-22 11:52:13,573 [DEBUG] debug message
2019-06-22 11:52:13,573 [ERROR] error message
2019-06-22 11:52:13,573 [FATAL] emerg message
2019-06-22 11:52:13,573 [INFO] info message
2019-06-22 11:52:13,573 [FATAL] fatal message
2019-06-22 11:52:13,573 [WARN] warn message
2019-06-22 11:52:13,573 [ALERT] alert message
2019-06-22 11:52:13,573 [CRIT] crit message
2019-06-22 11:52:13,573 [DEBUG] debug message
2019-06-22 11:52:13,573 [ERROR] error message
2019-06-22 11:52:13,573 [FATAL] emerg message
2019-06-22 11:52:13,573 [INFO] info message
2019-06-22 11:52:13,573 [FATAL] fatal message
2019-06-22 11:52:13,574 [WARN] warn message
2019-06-22 11:52:13,574 [ALERT] alert message
2019-06-22 11:52:13,574 [CRIT] crit message
2019-06-22 11:52:13,574 [DEBUG] debug message
2019-06-22 11:52:13,574 [ERROR] error message
2019-06-22 11:52:13,574 [FATAL] emerg message
2019-06-22 11:52:13,574 [INFO] info message
2019-06-22 11:52:13,574 [FATAL] fatal message
2019-06-22 11:52:13,574 [WARN] warn message
2019-06-22 11:52:13,574 [ALERT] alert message
2019-06-22 11:52:13,574 [CRIT] crit message
2019-06-22 11:52:13,574 [DEBUG] debug message
2019-06-22 11:52:13,574 [ERROR] error message
2019-06-22 11:52:13,574 [FATAL] emerg message
2019-06-22 11:52:13,574 [INFO] info message
2019-06-22 11:52:13,574 [FATAL] fatal message
2019-06-22 11:52:13,574 [WARN] warn message
2019-06-22 11:52:13,574 [ALERT] alert message
2019-06-22 11:52:13,574 [CRIT] crit message
2019-06-22 11:52:13,574 [DEBUG] debug message
2019-06-22 11:52:13,574 [ERROR] error message
2019-06-22 11:52:13,574 [FATAL] emerg message
2019-06-22 11:52:13,574 [INFO] info message
2019-06-22 11:52:13,574 [FATAL] fatal message
2019-06-22 11:52:13,574 [WARN] warn message
2019-06-22 11:52:13,574 [ALERT] alert message
2019-06-22 11:52:13,574 [CRIT] crit message
2019-06-22 11:52:13,574 [DEBUG] debug message
2019-06-22 11:52:13,574 [ERROR] error message
2019-06-22 11:52:13,574 [FATAL] emerg message
2019-06-22 11:52:13,574 [INFO] info message
2019-06-22 11:52:13,574 [FATAL] fatal message
2019-06-22 11:52:13,574 [WARN] warn message
2019-06-22 11:52:13,574 [ALERT] alert message
2019-06-22 11:52:13,574 [CRIT] crit message
2019-06-22 11:52:13,574 [DEBUG] debug message
2019-06-22 11:52:13,574 [ERROR] error message
2019-06-22 11:52:13,574 [FATAL] emerg message
2019-06-22 11:52:13,574 [INFO] info message
2019-06-22 11:52:13,574 [FATAL] fatal message
2019-06-22 11:52:13,574 [WARN] warn message
2019-06-22 11:52:13,574 [ALERT] alert message
2019-06-22 11:52:13,574 [CRIT] crit message
2019-06-22 11:52:13,574 [DEBUG] debug message
2019-06-22 11:52:13,574 [ERROR] error message
2019-06-22 11:52:13,574 [FATAL] emerg message
2019-06-22 11:52:13,574 [INFO] info message
2019-06-22 11:52:13,574 [FATAL] fatal message
2019-06-22 11:52:13,574 [WARN] warn message
2019-06-22 11:52:13,574 [ALERT] alert message
2019-06-22 11:52:13,574 [CRIT] crit message
2019-06-22 11:52:13,574 [DEBUG] debug message
2019-06-22 11:52:13,574 [ERROR] error message
2019-06-22 11:52:13,574 [FATAL] emerg message
2019-06-22 11:52:13,574 [INFO] info message
2019-06-22 11:52:13,574 [FATAL] fatal message
2019-06-22 11:52:13,574 [WARN] warn message
2019-06-22 11:52:13,574 [ALERT] alert message
2019-06-22 11:52:13,574 [CRIT] crit message
2019-06-22 11:52:13,574 [DEBUG] debug message
2019-06-22 11:52:13,574 [ERROR] error message
2019-06-22 11:52:13,574 [FATAL] emerg message
2019-06-22 11:52:13,574 [INFO] info message
2019-06-22 11:52:13,574 [FATAL] fatal message
2019-06-22 11:52:13,574 [WARN] warn message
2019-06-22 11:52:13,575 [ALERT] alert message
2019-06-22 11:52:13,575 [CRIT] crit message
2019-06-22 11:52:13,575 [DEBUG] debug message
2019-06-22 11:52:13,575 [ERROR] error message
2019-06-22 11:52:13,575 [FATAL] emerg message
2019-06-22 11:52:13,575 [INFO] info message
2019-06-22 11:52:13,575 [FATAL] fatal message
2019-06-22 11:52:13,575 [WARN] warn message
2019-06-22 11:52:13,575 [ALERT] alert message
2019-06-22 11:52:13,575 [CRIT] crit message
2019-06-22 11:52:13,575 [DEBUG] debug message
2019-06-22 11:52:13,575 [ERROR] error message
2019-06-22 11:52:13,575 [FATAL] emerg message
2019-06-22 11:52:13,575 [INFO] info message
2019-06-22 11:52:13,575 [FATAL] fatal message
2019-06-22 11:52:13,575 [WARN] warn message
2019-06-22 11:52:13,575 [ALERT] alert message
2019-06-22 11:52:13,575 [CRIT] crit message
2019-06-22 11:52:13,575 [DEBUG] debug message
2019-06-22 11:52:13,575 [ERROR] error message
2019-06-22 11:52:13,575 [FATAL] emerg message
2019-06-22 11:52:13,575 [INFO] info message
2019-06-22 11:52:13,575 [FATAL] fatal message
2019-06-22 11:52:13,575 [WARN] warn message
2019-06-22 11:52:13,575 [ALERT] alert message
2019-06-22 11:52:13,575 [CRIT] crit message
2019-06-22 11:52:13,575 [DEBUG] debug message
2019-06-22 11:52:13,575 [ERROR] error message
2019-06-22 11:52:13,575 [FATAL] emerg message
2019-06-22 11:52:13,575 [INFO] info message
2019-06-22 11:52:13,575 [FATAL] fatal message
2019-06-22 11:52:13,575 [WARN] warn message
2019-06-22 11:52:13,575 [ALERT] alert message
2019-06-22 11:52:13,575 [CRIT] crit message
2019-06-22 11:52:13,575 [DEBUG] debug message
2019-06-22 11:52:13,575 [ERROR] error message
2019-06-22 11:52:13,575 [FATAL] emerg message
2019-06-22 11:52:13,576 [INFO] info message
2019-06-22 11:52:13,576 [FATAL] fatal message
2019-06-22 11:52:13,576 [WARN] warn message
2019-06-22 11:52:13,576 [ALERT] alert message
2019-06-22 11:52:13,576 [CRIT] crit message
2019-06-22 11:52:13,576 [DEBUG] debug message
2019-06-22 11:52:13,576 [ERROR] error message
2019-06-22 11:52:13,576 [FATAL] emerg message
2019-06-22 11:52:13,576 [INFO] info message
2019-06-22 11:52:13,576 [FATAL] fatal message
2019-06-22 11:52:13,576 [WARN] warn message
2019-06-22 11:52:13,576 [ALERT] alert message
2019-06-22 11:52:13,576 [CRIT] crit message
2019-06-22 11:52:13,576 [DEBUG] debug message
2019-06-22 11:52:13,576 [ERROR] error message
2019-06-22 11:52:13,576 [FATAL] emerg message
2019-06-22 11:52:13,576 [INFO] info message
2019-06-22 11:52:13,576 [FATAL] fatal message
2019-06-22 11:52:13,576 [WARN] warn message
2019-06-22 11:52:13,576 [ALERT] alert message
2019-06-22 11:52:13,576 [CRIT] crit message
2019-06-22 11:52:13,576 [DEBUG] debug message
2019-06-22 11:52:13,576 [ERROR] error message
2019-06-22 11:52:13,576 [FATAL] emerg message
2019-06-22 11:52:13,576 [INFO] info message
2019-06-22 11:52:13,576 [FATAL] fatal message
2019-06-22 11:52:13,577 [WARN] warn message
2019-06-22 11:52:13,577 [ALERT] alert message
2019-06-22 11:52:13,577 [CRIT] crit message
2019-06-22 11:52:13,577 [DEBUG] debug message
2019-06-22 11:52:13,577 [ERROR] error message
2019-06-22 11:52:13,577 [FATAL] emerg message
2019-06-22 11:52:13,577 [INFO] info message
2019-06-22 11:52:13,577 [FATAL] fatal message
2019-06-22 11:52:13,577 [WARN] warn message
2019-06-22 11:52:13,577 [ALERT] alert message
2019-06-22 11:52:13,577 [CRIT] crit message
2019-06-22 11:52:13,577 [DEBUG] debug message
2019-06-22 11:52:13,577 [ERROR] error message
2019-06-22 11:52:13,577 [FATAL] emerg message
2019-06-22 11:52:13,578 [INFO] info message
2019-06-22 11:52:13,578 [FATAL] fatal message
2019-06-22 11:52:13,578 [WARN] warn message
2019-06-22 11:52:13,578 [ALERT] alert message
2019-06-22 11:52:13,578 [CRIT] crit message
2019-06-22 11:52:13,578 [DEBUG] debug message
2019-06-22 11:52:13,578 [ERROR] error message
2019-06-22 11:52:13,578 [FATAL] emerg message
2019-06-22 11:52:13,578 [INFO] info message
2019-06-22 11:52:13,578 [FATAL] fatal message
2019-06-22 11:52:13,578 [WARN] warn message
2019-06-22 11:52:13,578 [ALERT] alert message
2019-06-22 11:52:13,578 [CRIT] crit message
2019-06-22 11:52:13,578 [DEBUG] debug message
2019-06-22 11:52:13,578 [ERROR] error message
2019-06-22 11:52:13,578 [FATAL] emerg message
2019-06-22 11:52:13,578 [INFO] info message
2019-06-22 11:52:13,578 [FATAL] fatal message
2019-06-22 11:52:13,578 [WARN] warn message
2019-06-22 11:52:13,578 [ALERT] alert message
2019-06-22 11:52:13,578 [CRIT] crit message
2019-06-22 11:52:13,578 [DEBUG] debug message
2019-06-22 11:52:13,578 [ERROR] error message
2019-06-22 11:52:13,578 [FATAL] emerg message
2019-06-22 11:52:13,578 [INFO] info message
2019-06-22 11:52:13,578 [FATAL] fatal message
2019-06-22 11:52:13,578 [WARN] warn message
2019-06-22 11:52:13,578 [ALERT] alert message
2019-06-22 11:52:13,578 [CRIT] crit message
2019-06-22 11:52:13,578 [DEBUG] debug message
2019-06-22 11:52:13,578 [ERROR] error message
2019-06-22 11:52:13,578 [FATAL] emerg message
2019-06-22 11:52:13,578 [INFO] info message
2019-06-22 11:52:13,578 [FATAL] fatal message
2019-06-22 11:52:13,578 [WARN] warn message
2019-06-22 11:52:13,578 [ALERT] alert message
2019-06-22 11:52:13,578 [CRIT] crit message
2019-06-22 11:52:13,578 [DEBUG] debug message
2019-06-22 11:52:13,578 [ERROR] error message
2019-06-22 11:52:13,578 [FATAL] emerg message
2019-06-22 11:52:13,578 [INFO] info message
2019-06-22 11:52:13,578 [FATAL] fatal message
2019-06-22 11:52:13,578 [WARN] warn message
2019-06-22 11:52:13,579 [ALERT] alert message
2019-06-22 11:52:13,579 [CRIT] crit message
2019-06-22 11:52:13,579 [DEBUG] debug message
2019-06-22 11:52:13,579 [ERROR] error message
2019-06-22 11:52:13,579 [FATAL] emerg message
2019-06-22 11:52:13,579 [INFO] info message
2019-06-22 11:52:13,580 [FATAL] fatal message
2019-06-22 11:52:13,580 [WARN] warn message
2019-06-22 11:52:13,580 [ALERT] alert message
2019-06-22 11:52:13,580 [CRIT] crit message
2019-06-22 11:52:13,580 [DEBUG] debug message
2019-06-22 11:52:13,580 [ERROR] error message
2019-06-22 11:52:13,581 [FATAL] emerg message
2019-06-22 11:52:13,581 [INFO] info message
2019-06-22 11:52:13,581 [FATAL] fatal message
2019-06-22 11:52:13,581 [WARN] warn message
2019-06-22 11:52:13,582 [ALERT] alert message
2019-06-22 11:52:13,582 [CRIT] crit message
2019-06-22 11:52:13,582 [DEBUG] debug message
2019-06-22 11:52:13,582 [ERROR] error message
2019-06-22 11:52:13,582 [FATAL] emerg message
2019-06-22 11:52:13,582 [INFO] info message
2019-06-22 11:52:13,582 [FATAL] fatal message
2019-06-22 11:52:13,582 [WARN] warn message
2019-06-22 11:52:13,582 [ALERT] alert message
2019-06-22 11:52:13,582 [CRIT] crit message
2019-06-22 11:52:13,582 [DEBUG] debug message
2019-06-22 11:52:13,582 [ERROR] error message
2019-06-22 11:52:13,582 [FATAL] emerg message
2019-06-22 11:52:13,582 [INFO] info message
2019-06-22 11:52:13,582 [FATAL] fatal message
2019-06-22 11:52:13,582 [WARN] warn message
2019-06-22 11:52:13,582 [ALERT] alert message
2019-06-22 11:52:13,582 [CRIT] crit message
2019-06-22 11:52:13,582 [DEBUG] debug message
2019-06-22 11:52:13,582 [ERROR] error message
2019-06-22 11:52:13,582 [FATAL] emerg message
2019-06-22 11:52:13,582 [INFO] info message
2019-06-22 11:52:13,582 [FATAL] fatal message
2019-06-22 11:52:13,582 [WARN] warn message
2019-06-22 11:52:13,582 [ALERT] alert message
2019-06-22 11:52:13,582 [CRIT] crit message
2019-06-22 11:52:13,583 [DEBUG] debug message
2019-06-22 11:52:13,583 [ERROR] error message
2019-06-22 11:52:13,583 [FATAL] emerg message
2019-06-22 11:52:13,583 [INFO] info message
2019-06-22 11:52:13,583 [FATAL] fatal message
2019-06-22 11:52:13,583 [WARN] warn message
2019-06-22 11:52:13,583 [ALERT] alert message
2019-06-22 11:52:13,583 [CRIT] crit message
2019-06-22 11:52:13,583 [DEBUG] debug message
2019-06-22 11:52:13,583 [ERROR] error message
2019-06-22 11:52:13,583 [FATAL] emerg message
2019-06-22 11:52:13,583 [INFO] info message
2019-06-22 11:52:13,583 [FATAL] fatal message
2019-06-22 11:52:13,583 [WARN] warn message
2019-06-22 11:52:13,583 [ALERT] alert message
2019-06-22 11:52:13,583 [CRIT] crit message
2019-06-22 11:52:13,583 [DEBUG] debug message
2019-06-22 11:52:13,583 [ERROR] error message
2019-06-22 11:52:13,583 [FATAL] emerg message
2019-06-22 11:52:13,583 [INFO] info message
2019-06-22 11:52:13,583 [FATAL] fatal message
2019-06-22 11:52:13,583 [WARN] warn message
2019-06-22 11:52:13,583 [ALERT] alert message
2019-06-22 11:52:13,583 [CRIT] crit message
2019-06-22 11:52:13,583 [DEBUG] debug message
2019-06-22 11:52:13,583 [ERROR] error message
2019-06-22 11:52:13,583 [FATAL] emerg message
2019-06-22 11:52:13,583 [INFO] info message
2019-06-22 11:52:13,583 [FATAL] fatal message
2019-06-22 11:52:13,583 [WARN] warn message
2019-06-22 11:52:13,583 [ALERT] alert message
2019-06-22 11:52:13,583 [CRIT] crit message
2019-06-22 11:52:13,584 [DEBUG] debug message
2019-06-22 11:52:13,584 [ERROR] error message
2019-06-22 11:52:13,584 [FATAL] emerg message
2019-06-22 11:52:13,584 [INFO] info message
2019-06-22 11:52:13,584 [FATAL] fatal message
2019-06-22 11:52:13,584 [WARN] warn message
2019-06-22 11:52:13,584 [ALERT] alert message
2019-06-22 11:52:13,584 [CRIT] crit message
2019-06-22 11:52:13,584 [DEBUG] debug message
2019-06-22 11:52:13,584 [ERROR] error message
2019-06-22 11:52:13,584 [FATAL] emerg message
2019-06-22 11:52:13,584 [INFO] info message
2019-06-22 11:52:13,584 [FATAL] fatal message
2019-06-22 11:52:13,584 [WARN] warn message
2019-06-22 11:52:13,584 [ALERT] alert message
2019-06-22 11:52:13,584 [CRIT] crit message
2019-06-22 11:52:13,584 [DEBUG] debug message
2019-06-22 11:52:13,585 [ERROR] error message
2019-06-22 11:52:13,585 [FATAL] emerg message
2019-06-22 11:52:13,585 [INFO] info message
2019-06-22 11:52:13,585 [FATAL] fatal message
2019-06-22 11:52:13,585 [WARN] warn message
2019-06-22 11:52:13,585 [ALERT] alert message
2019-06-22 11:52:13,585 [CRIT] crit message
2019-06-22 11:52:13,585 [DEBUG] debug message
2019-06-22 11:52:13,585 [ERROR] error message
2019-06-22 11:52:13,585 [FATAL] emerg message
2019-06-22 11:52:13,585 [INFO] info message
2019-06-22 11:52:13,585 [FATAL] fatal message
2019-06-22 11:52:13,585 [WARN] warn message
2019-06-22 11:52:13,585 [ALERT] alert message
2019-06-22 11:52:13,585 [CRIT] crit message
2019-06-22 11:52:13,585 [DEBUG] debug message
2019-06-22 11:52:13,585 [ERROR] error message
2019-06-22 11:52:13,585 [FATAL] emerg message
2019-06-22 11:52:13,585 [INFO] info message
2019-06-22 11:52:13,585 [FATAL] fatal message
2019-06-22 11:52:13,586 [WARN] warn message
2019-06-22 11:52:13,586 [ALERT] alert message
2019-06-22 11:52:13,586 [CRIT] crit message
2019-06-22 11:52:13,586 [DEBUG] debug message
2019-06-22 11:52:13,586 [ERROR] error message
2019-06-22 11:52:13,586 [FATAL] emerg message
2019-06-22 11:52:13,586 [INFO] info message
2019-06-22 11:52:13,586 [FATAL] fatal message
2019-06-22 11:52:13,586 [WARN] warn message
2019-06-22 11:52:13,586 [ALERT] alert message
2019-06-22 11:52:13,586 [CRIT] crit message
2019-06-22 11:52:13,586 [DEBUG] debug message
2019-06-22 11:52:13,586 [ERROR] error message
2019-06-22 11:52:13,586 [FATAL] emerg message
2019-06-22 11:52:13,586 [INFO] info message
2019-06-22 11:52:13,587 [FATAL] fatal message
2019-06-22 11:52:13,587 [WARN] warn message
2019-06-22 11:52:13,587 [ALERT] alert message
2019-06-22 11:52:13,587 [CRIT] crit message
2019-06-22 11:52:13,587 [DEBUG] debug message
2019-06-22 11:52:13,587 [ERROR] error message
2019-06-22 11:52:13,587 [FATAL] emerg message
2019-06-22 11:52:13,587 [INFO] info message
2019-06-22 11:52:13,587 [FATAL] fatal message
2019-06-22 11:52:13,587 [WARN] warn message
2019-06-22 11:52:13,587 [ALERT] alert message
2019-06-22 11:52:13,587 [CRIT] crit message
2019-06-22 11:52:13,587 [DEBUG] debug message
2019-06-22 11:52:13,587 [ERROR] error message
2019-06-22 11:52:13,587 [FATAL] emerg message
2019-06-22 11:52:13,587 [INFO] info message
2019-06-22 11:52:13,587 [FATAL] fatal message
2019-06-22 11:52:13,587 [WARN] warn message
2019-06-22 11:52:13,587 [ALERT] alert message
2019-06-22 11:52:13,587 [CRIT] crit message
2019-06-22 11:52:13,587 [DEBUG] debug message
2019-06-22 11:52:13,587 [ERROR] error message
2019-06-22 11:52:13,587 [FATAL] emerg message
2019-06-22 11:52:13,587 [INFO] info message
2019-06-22 11:52:13,587 [FATAL] fatal message
2019-06-22 11:52:13,588 [WARN] warn message
2019-06-22 11:52:13,588 [ALERT] alert message
2019-06-22 11:52:13,588 [CRIT] crit message
2019-06-22 11:52:13,588 [DEBUG] debug message
2019-06-22 11:52:13,588 [ERROR] error message
2019-06-22 11:52:13,588 [FATAL] emerg message
2019-06-22 11:52:13,588 [INFO] info message
2019-06-22 11:52:13,588 [FATAL] fatal message
2019-06-22 11:52:13,588 [WARN] warn message
2019-06-22 11:52:13,588 [ALERT] alert message
2019-06-22 11:52:13,588 [CRIT] crit message
2019-06-22 11:52:13,588 [DEBUG] debug message
2019-06-22 11:52:13,588 [ERROR] error message
2019-06-22 11:52:13,588 [FATAL] emerg message
2019-06-22 11:52:13,588 [INFO] info message
2019-06-22 11:52:13,588 [FATAL] fatal message
2019-06-22 11:52:13,588 [WARN] warn message
2019-06-22 11:52:13,588 [ALERT] alert message
2019-06-22 11:52:13,588 [CRIT] crit message
2019-06-22 11:52:13,588 [DEBUG] debug message
2019-06-22 11:52:13,588 [ERROR] error message
2019-06-22 11:52:13,588 [FATAL] emerg message
2019-06-22 11:52:13,588 [INFO] info message
2019-06-22 11:52:13,588 [FATAL] fatal message
2019-06-22 11:52:13,588 [WARN] warn message
2019-06-22 11:52:13,588 [ALERT] alert message
2019-06-22 11:52:13,588 [CRIT] crit message
2019-06-22 11:52:13,588 [DEBUG] debug message
2019-06-22 11:52:13,588 [ERROR] error message
2019-06-22 11:52:13,588 [FATAL] emerg message
2019-06-22 11:52:13,588 [INFO] info message
2019-06-22 11:52:13,588 [FATAL] fatal message
2019-06-22 11:52:13,588 [WARN] warn message
2019-06-22 11:52:13,588 [ALERT] alert message
2019-06-22 11:52:13,588 [CRIT] crit message
2019-06-22 11:52:13,588 [DEBUG] debug message
2019-06-22 11:52:13,588 [ERROR] error message
2019-06-22 11:52:13,588 [FATAL] emerg message
2019-06-22 11:52:13,588 [INFO] info message
2019-06-22 11:52:13,588 [FATAL] fatal message
2019-06-22 11:52:13,588 [WARN] warn message
2019-06-22 11:52:13,588 [ALERT] alert message
2019-06-22 11:52:13,588 [CRIT] crit message
2019-06-22 11:52:13,588 [DEBUG] debug message
2019-06-22 11:52:13,588 [ERROR] error message
2019-06-22 11:52:13,588 [FATAL] emerg message
2019-06-22 11:52:13,588 [INFO] info message
2019-06-22 11:52:13,588 [FATAL] fatal message
2019-06-22 11:52:13,588 [WARN] warn message
2019-06-22 11:52:13,589 [ALERT] alert message
2019-06-22 11:52:13,589 [CRIT] crit message
2019-06-22 11:52:13,589 [DEBUG] debug message
2019-06-22 11:52:13,589 [ERROR] error message
2019-06-22 11:52:13,589 [FATAL] emerg message
2019-06-22 11:52:13,589 [INFO] info message
2019-06-22 11:52:13,589 [FATAL] fatal message
2019-06-22 11:52:13,589 [WARN] warn message
2019-06-22 11:52:13,589 [ALERT] alert message
2019-06-22 11:52:13,589 [CRIT] crit message
2019-06-22 11:52:13,589 [DEBUG] debug message
2019-06-22 11:52:13,589 [ERROR] error message
2019-06-22 11:52:13,589 [FATAL] emerg message
2019-06-22 11:52:13,589 [INFO] info message
2019-06-22 11:52:13,589 [FATAL] fatal message
2019-06-22 11:52:13,589 [WARN] warn message
2019-06-22 11:52:13,589 [ALERT] alert message
2019-06-22 11:52:13,589 [CRIT] crit message
2019-06-22 11:52:13,589 [DEBUG] debug message
2019-06-22 11:52:13,589 [ERROR] error message
2019-06-22 11:52:13,589 [FATAL] emerg message
2019-06-22 11:52:13,589 [INFO] info message
2019-06-22 11:52:13,589 [FATAL] fatal message
2019-06-22 11:52:13,589 [WARN] warn message
2019-06-22 11:52:13,589 [ALERT] alert message
2019-06-22 11:52:13,589 [CRIT] crit message
2019-06-22 11:52:13,589 [DEBUG] debug message
2019-06-22 11:52:13,589 [ERROR] error message
2019-06-22 11:52:13,589 [FATAL] emerg message
2019-06-22 11:52:13,589 [INFO] info message
2019-06-22 11:52:13,589 [FATAL] fatal message
2019-06-22 11:52:13,589 [WARN] warn message
2019-06-22 11:52:13,589 [ALERT] alert message
2019-06-22 11:52:13,589 [CRIT] crit message
2019-06-22 11:52:13,589 [DEBUG] debug message
2019-06-22 11:52:13,589 [ERROR] error message
2019-06-22 11:52:13,589 [FATAL] emerg message
2019-06-22 11:52:13,589 [INFO] info message
2019-06-22 11:52:13,589 [FATAL] fatal message
2019-06-22 11:52:13,589 [WARN] warn message
2019-06-22 11:52:13,589 [ALERT] alert message
2019-06-22 11:52:13,589 [CRIT] crit message
2019-06-22 11:52:13,589 [DEBUG] debug message
2019-06-22 11:52:13,589 [ERROR] error message
2019-06-22 11:52:13,589 [FATAL] emerg message
2019-06-22 11:52:13,589 [INFO] info message
2019-06-22 11:52:13,589 [FATAL] fatal message
2019-06-22 11:52:13,589 [WARN] warn message
2019-06-22 11:52:13,589 [ALERT] alert message
2019-06-22 11:52:13,589 [CRIT] crit message
2019-06-22 11:52:13,589 [DEBUG] debug message
2019-06-22 11:52:13,590 [ERROR] error message
2019-06-22 11:52:13,590 [FATAL] emerg message
2019-06-22 11:52:13,590 [INFO] info message
2019-06-22 11:52:13,590 [FATAL] fatal message
2019-06-22 11:52:13,590 [WARN] warn message
2019-06-22 11:52:13,590 [ALERT] alert message
2019-06-22 11:52:13,590 [CRIT] crit message
2019-06-22 11:52:13,590 [DEBUG] debug message
2019-06-22 11:52:13,590 [ERROR] error message
2019-06-22 11:52:13,590 [FATAL] emerg message
2019-06-22 11:52:13,590 [INFO] info message
2019-06-22 11:52:13,590 [FATAL] fatal message
2019-06-22 11:52:13,590 [WARN] warn message
2019-06-22 11:52:13,590 [ALERT] alert message
2019-06-22 11:52:13,590 [CRIT] crit message
2019-06-22 11:52:13,590 [DEBUG] debug message
2019-06-22 11:52:13,590 [ERROR] error message
2019-06-22 11:52:13,590 [FATAL] emerg message
2019-06-22 11:52:13,590 [INFO] info message
2019-06-22 11:52:13,590 [FATAL] fatal message
2019-06-22 11:52:13,590 [WARN] warn message
2019-06-22 11:52:13,590 [ALERT] alert message
2019-06-22 11:52:13,590 [CRIT] crit message
2019-06-22 11:52:13,590 [DEBUG] debug message
2019-06-22 11:52:13,590 [ERROR] error message
2019-06-22 11:52:13,590 [FATAL] emerg message
2019-06-22 11:52:13,590 [INFO] info message
2019-06-22 11:52:13,590 [FATAL] fatal message
2019-06-22 11:52:13,590 [WARN] warn message
2019-06-22 11:52:13,590 [ALERT] alert message
2019-06-22 11:52:13,590 [CRIT] crit message
2019-06-22 11:52:13,590 [DEBUG] debug message
2019-06-22 11:52:13,590 [ERROR] error message
2019-06-22 11:52:13,590 [FATAL] emerg message
2019-06-22 11:52:13,590 [INFO] info message
2019-06-22 11:52:13,590 [FATAL] fatal message
2019-06-22 11:52:13,590 [WARN] warn message
2019-06-22 11:52:13,590 [ALERT] alert message
2019-06-22 11:52:13,590 [CRIT] crit message
2019-06-22 11:52:13,590 [DEBUG] debug message
2019-06-22 11:52:13,590 [ERROR] error message
2019-06-22 11:52:13,590 [FATAL] emerg message
2019-06-22 11:52:13,590 [INFO] info message
2019-06-22 11:52:13,590 [FATAL] fatal message
2019-06-22 11:52:13,590 [WARN] warn message
2019-06-22 11:52:13,590 [ALERT] alert message
2019-06-22 11:52:13,590 [CRIT] crit message
2019-06-22 11:52:13,590 [DEBUG] debug message
2019-06-22 11:52:13,590 [ERROR] error message
2019-06-22 11:52:13,590 [FATAL] emerg message
2019-06-22 11:52:13,590 [INFO] info message
2019-06-22 11:52:13,590 [FATAL] fatal message
2019-06-22 11:52:13,590 [WARN] warn message
2019-06-22 11:52:13,590 [ALERT] alert message
2019-06-22 11:52:13,590 [CRIT] crit message
2019-06-22 11:52:13,590 [DEBUG] debug message
2019-06-22 11:52:13,590 [ERROR] error message
2019-06-22 11:52:13,590 [FATAL] emerg message
2019-06-22 11:52:13,590 [INFO] info message
2019-06-22 11:52:13,590 [FATAL] fatal message
2019-06-22 11:52:13,590 [WARN] warn message
2019-06-22 11:52:13,590 [ALERT] alert message
2019-06-22 11:52:13,590 [CRIT] crit message
2019-06-22 11:52:13,590 [DEBUG] debug message
2019-06-22 11:52:13,590 [ERROR] error message
2019-06-22 11:52:13,590 [FATAL] emerg message
2019-06-22 11:52:13,590 [INFO] info message
2019-06-22 11:52:13,590 [FATAL] fatal message
2019-06-22 11:52:13,590 [WARN] warn message
2019-06-22 11:52:13,590 [ALERT] alert message
2019-06-22 11:52:13,590 [CRIT] crit message
2019-06-22 11:52:13,590 [DEBUG] debug message
2019-06-22 11:52:13,590 [ERROR] error message
2019-06-22 11:52:13,590 [FATAL] emerg message
2019-06-22 11:52:13,590 [INFO] info message
2019-06-22 11:52:13,590 [FATAL] fatal message
2019-06-22 11:52:13,590 [WARN] warn message
2019-06-22 11:52:13,591 [ALERT] alert message
2019-06-22 11:52:13,591 [CRIT] crit message
2019-06-22 11:52:13,591 [DEBUG] debug message
2019-06-22 11:52:13,591 [ERROR] error message
2019-06-22 11:52:13,591 [FATAL] emerg message
2019-06-22 11:52:13,591 [INFO] info message
2019-06-22 11:52:13,591 [FATAL] fatal message
2019-06-22 11:52:13,591 [WARN] warn message
2019-06-22 11:52:13,591 [ALERT] alert message
2019-06-22 11:52:13,591 [CRIT] crit message
2019-06-22 11:52:13,591 [DEBUG] debug message
2019-06-22 11:52:13,591 [ERROR] error message
2019-06-22 11:52:13,591 [FATAL] emerg message
2019-06-22 11:52:13,591 [INFO] info message
2019-06-22 11:52:13,591 [FATAL] fatal message
2019-06-22 11:52:13,591 [WARN] warn message
2019-06-22 11:52:13,591 [ALERT] alert message
2019-06-22 11:52:13,591 [CRIT] crit message
2019-06-22 11:52:13,591 [DEBUG] debug message
2019-06-22 11:52:13,591 [ERROR] error message
2019-06-22 11:52:13,591 [FATAL] emerg message
2019-06-22 11:52:13,591 [INFO] info message
2019-06-22 11:52:13,591 [FATAL] fatal message
2019-06-22 11:52:13,591 [WARN] warn message
2019-06-22 11:52:13,591 [ALERT] alert message
2019-06-22 11:52:13,591 [CRIT] crit message
2019-06-22 11:52:13,591 [DEBUG] debug message
2019-06-22 11:52:13,591 [ERROR] error message
2019-06-22 11:52:13,591 [FATAL] emerg message
2019-06-22 11:52:13,591 [INFO] info message
2019-06-22 11:52:13,591 [FATAL] fatal message
2019-06-22 11:52:13,591 [WARN] warn message
2019-06-22 11:52:13,591 [ALERT] alert message
2019-06-22 11:52:13,591 [CRIT] crit message
2019-06-22 11:52:13,591 [DEBUG] debug message
2019-06-22 11:52:13,591 [ERROR] error message
2019-06-22 11:52:13,591 [FATAL] emerg message
2019-06-22 11:52:13,591 [INFO] info message
2019-06-22 11:52:13,591 [FATAL] fatal message
2019-06-22 11:52:13,591 [WARN] warn message
2019-06-22 11:52:13,591 [ALERT] alert message
2019-06-22 11:52:13,591 [CRIT] crit message
2019-06-22 11:52:13,591 [DEBUG] debug message
2019-06-22 11:52:13,591 [ERROR] error message
2019-06-22 11:52:13,591 [FATAL] emerg message
2019-06-22 11:52:13,591 [INFO] info message
2019-06-22 11:52:13,591 [FATAL] fatal message
2019-06-22 11:52:13,591 [WARN] warn message
2019-06-22 11:52:13,591 [ALERT] alert message
2019-06-22 11:52:13,591 [CRIT] crit message
2019-06-22 11:52:13,591 [DEBUG] debug message
2019-06-22 11:52:13,591 [ERROR] error message
2019-06-22 11:52:13,591 [FATAL] emerg message
2019-06-22 11:52:13,591 [INFO] info message
2019-06-22 11:52:13,591 [FATAL] fatal message
2019-06-22 11:52:13,591 [WARN] warn message
2019-06-22 11:52:13,591 [ALERT] alert message
2019-06-22 11:52:13,591 [CRIT] crit message
2019-06-22 11:52:13,592 [DEBUG] debug message
2019-06-22 11:52:13,592 [ERROR] error message
2019-06-22 11:52:13,592 [FATAL] emerg message
2019-06-22 11:52:13,592 [INFO] info message
2019-06-22 11:52:13,592 [FATAL] fatal message
2019-06-22 11:52:13,592 [WARN] warn message
2019-06-22 11:52:13,592 [ALERT] alert message
2019-06-22 11:52:13,592 [CRIT] crit message
2019-06-22 11:52:13,592 [DEBUG] debug message
2019-06-22 11:52:13,592 [ERROR] error message
2019-06-22 11:52:13,592 [FATAL] emerg message
2019-06-22 11:52:13,592 [INFO] info message
2019-06-22 11:52:13,592 [FATAL] fatal message
2019-06-22 11:52:13,592 [WARN] warn message
2019-06-22 11:52:13,592 [ALERT] alert message
2019-06-22 11:52:13,592 [CRIT] crit message
2019-06-22 11:52:13,592 [DEBUG] debug message
2019-06-22 11:52:13,592 [ERROR] error message
2019-06-22 11:52:13,592 [FATAL] emerg message
2019-06-22 11:52:13,592 [INFO] info message
2019-06-22 11:52:13,592 [FATAL] fatal message
2019-06-22 11:52:13,592 [WARN] warn message
2019-06-22 11:52:13,592 [ALERT] alert message
2019-06-22 11:52:13,592 [CRIT] crit message
2019-06-22 11:52:13,592 [DEBUG] debug message
2019-06-22 11:52:13,592 [ERROR] error message
2019-06-22 11:52:13,592 [FATAL] emerg message
2019-06-22 11:52:13,592 [INFO] info message
2019-06-22 11:52:13,592 [FATAL] fatal message
2019-06-22 11:52:13,592 [WARN] warn message
2019-06-22 11:52:13,592 [ALERT] alert message
2019-06-22 11:52:13,592 [CRIT] crit message
2019-06-22 11:52:13,592 [DEBUG] debug message
2019-06-22 11:52:13,592 [ERROR] error message
2019-06-22 11:52:13,592 [FATAL] emerg message
2019-06-22 11:52:13,592 [INFO] info message
2019-06-22 11:52:13,592 [FATAL] fatal message
2019-06-22 11:52:13,592 [WARN] warn message
2019-06-22 11:52:13,592 [ALERT] alert message
2019-06-22 11:52:13,592 [CRIT] crit message
2019-06-22 11:52:13,592 [DEBUG] debug message
2019-06-22 11:52:13,592 [ERROR] error message
2019-06-22 11:52:13,592 [FATAL] emerg message
2019-06-22 11:52:13,592 [INFO] info message
2019-06-22 11:52:13,592 [FATAL] fatal message
2019-06-22 11:52:13,592 [WARN] warn message
2019-06-22 11:52:13,593 [ALERT] alert message
2019-06-22 11:52:13,593 [CRIT] crit message
2019-06-22 11:52:13,593 [DEBUG] debug message
2019-06-22 11:52:13,593 [ERROR] error message
2019-06-22 11:52:13,593 [FATAL] emerg message
2019-06-22 11:52:13,593 [INFO] info message
2019-06-22 11:52:13,593 [FATAL] fatal message
2019-06-22 11:52:13,593 [WARN] warn message
2019-06-22 11:52:13,593 [ALERT] alert message
2019-06-22 11:52:13,593 [CRIT] crit message
2019-06-22 11:52:13,593 [DEBUG] debug message
2019-06-22 11:52:13,593 [ERROR] error message
2019-06-22 11:52:13,593 [FATAL] emerg message
2019-06-22 11:52:13,593 [INFO] info message
2019-06-22 11:52:13,593 [FATAL] fatal message
2019-06-22 11:52:13,593 [WARN] warn message
2019-06-22 11:52:13,593 [ALERT] alert message
2019-06-22 11:52:13,593 [CRIT] crit message
2019-06-22 11:52:13,593 [DEBUG] debug message
2019-06-22 11:52:13,593 [ERROR] error message
2019-06-22 11:52:13,593 [FATAL] emerg message
2019-06-22 11:52:13,593 [INFO] info message
2019-06-22 11:52:13,593 [FATAL] fatal message
2019-06-22 11:52:13,593 [WARN] warn message
2019-06-22 11:52:13,593 [ALERT] alert message
2019-06-22 11:52:13,593 [CRIT] crit message
2019-06-22 11:52:13,593 [DEBUG] debug message
2019-06-22 11:52:13,593 [ERROR] error message
2019-06-22 11:52:13,593 [FATAL] emerg message
2019-06-22 11:52:13,593 [INFO] info message
2019-06-22 11:52:13,593 [FATAL] fatal message
2019-06-22 11:52:13,594 [WARN] warn message
2019-06-22 11:52:13,594 [ALERT] alert message
2019-06-22 11:52:13,594 [CRIT] crit message
2019-06-22 11:52:13,594 [DEBUG] debug message
2019-06-22 11:52:13,594 [ERROR] error message
2019-06-22 11:52:13,594 [FATAL] emerg message
2019-06-22 11:52:13,594 [INFO] info message
2019-06-22 11:52:13,594 [FATAL] fatal message
2019-06-22 11:52:13,594 [WARN] warn message
2019-06-22 11:52:13,594 [ALERT] alert message
2019-06-22 11:52:13,594 [CRIT] crit message
2019-06-22 11:52:13,594 [DEBUG] debug message
2019-06-22 11:52:13,594 [ERROR] error message
2019-06-22 11:52:13,594 [FATAL] emerg message
2019-06-22 11:52:13,594 [INFO] info message
2019-06-22 11:52:13,594 [FATAL] fatal message
2019-06-22 11:52:13,594 [WARN] warn message
2019-06-22 11:52:13,594 [ALERT] alert message
2019-06-22 11:52:13,594 [CRIT] crit message
2019-06-22 11:52:13,594 [DEBUG] debug message
2019-06-22 11:52:13,594 [ERROR] error message
2019-06-22 11:52:13,594 [FATAL] emerg message
2019-06-22 11:52:13,594 [INFO] info message
2019-06-22 11:52:13,594 [FATAL] fatal message
2019-06-22 11:52:13,594 [WARN] warn message
2019-06-22 11:52:13,594 [ALERT] alert message
2019-06-22 11:52:13,594 [CRIT] crit message
2019-06-22 11:52:13,594 [DEBUG] debug message
2019-06-22 11:52:13,594 [ERROR] error message
2019-06-22 11:52:13,594 [FATAL] emerg message
2019-06-22 11:52:13,594 [INFO] info message
2019-06-22 11:52:13,594 [FATAL] fatal message
2019-06-22 11:52:13,595 [WARN] warn message
2019-06-22 11:52:13,595 [ALERT] alert message
2019-06-22 11:52:13,595 [CRIT] crit message
2019-06-22 11:52:13,595 [DEBUG] debug message
2019-06-22 11:52:13,595 [ERROR] error message
2019-06-22 11:52:13,595 [FATAL] emerg message
2019-06-22 11:52:13,595 [INFO] info message
2019-06-22 11:52:13,595 [FATAL] fatal message
2019-06-22 11:52:13,595 [WARN] warn message
2019-06-22 11:52:13,595 [ALERT] alert message
2019-06-22 11:52:13,595 [CRIT] crit message
2019-06-22 11:52:13,595 [DEBUG] debug message
2019-06-22 11:52:13,595 [ERROR] error message
2019-06-22 11:52:13,595 [FATAL] emerg message
2019-06-22 11:52:13,595 [INFO] info message
2019-06-22 11:52:13,595 [FATAL] fatal message
2019-06-22 11:52:13,595 [WARN] warn message
2019-06-22 11:52:13,595 [ALERT] alert message
2019-06-22 11:52:13,595 [CRIT] crit message
2019-06-22 11:52:13,595 [DEBUG] debug message
2019-06-22 11:52:13,595 [ERROR] error message
2019-06-22 11:52:13,595 [FATAL] emerg message
2019-06-22 11:52:13,595 [INFO] info message
2019-06-22 11:52:13,596 [FATAL] fatal message
2019-06-22 11:52:13,596 [WARN] warn message
2019-06-22 11:52:13,596 [ALERT] alert message
2019-06-22 11:52:13,596 [CRIT] crit message
2019-06-22 11:52:13,596 [DEBUG] debug message
2019-06-22 11:52:13,596 [ERROR] error message
2019-06-22 11:52:13,596 [FATAL] emerg message
2019-06-22 11:52:13,596 [INFO] info message
2019-06-22 11:52:13,597 [FATAL] fatal message
2019-06-22 11:52:13,597 [WARN] warn message
2019-06-22 11:52:13,597 [ALERT] alert message
2019-06-22 11:52:13,597 [CRIT] crit message
2019-06-22 11:52:13,597 [DEBUG] debug message
2019-06-22 11:52:13,597 [ERROR] error message
2019-06-22 11:52:13,597 [FATAL] emerg message
2019-06-22 11:52:13,597 [INFO] info message
2019-06-22 11:52:13,597 [FATAL] fatal message
2019-06-22 11:52:13,597 [WARN] warn message
2019-06-22 11:52:13,598 [ALERT] alert message
2019-06-22 11:52:13,598 [CRIT] crit message
2019-06-22 11:52:13,598 [DEBUG] debug message
2019-06-22 11:52:13,598 [ERROR] error message
2019-06-22 11:52:13,598 [FATAL] emerg message
2019-06-22 11:52:13,598 [INFO] info message
2019-06-22 11:52:13,598 [FATAL] fatal message
2019-06-22 11:52:13,598 [WARN] warn message
2019-06-22 11:56:11,785 [ALERT] alert message
2019-06-22 11:56:11,785 [CRIT] crit message
2019-06-22 11:56:11,785 [DEBUG] debug message
2019-06-22 11:56:11,785 [ERROR] error message
2019-06-22 11:56:11,785 [FATAL] emerg message
2019-06-22 11:56:11,786 [INFO] info message
2019-06-22 11:56:11,786 [FATAL] fatal message
2019-06-22 11:56:11,786 [WARN] warn message
2019-06-22 11:56:11,786 [ALERT] alert message
2019-06-22 11:56:11,786 [CRIT] crit message
2019-06-22 11:56:11,786 [DEBUG] debug message
2019-06-22 11:56:11,786 [ERROR] error message
2019-06-22 11:56:11,786 [FATAL] emerg message
2019-06-22 11:56:11,786 [INFO] info message
2019-06-22 11:56:11,786 [FATAL] fatal message
2019-06-22 11:56:11,786 [WARN] warn message
2019-06-22 11:56:11,786 [ALERT] alert message
2019-06-22 11:56:11,786 [CRIT] crit message
2019-06-22 11:56:11,786 [DEBUG] debug message
2019-06-22 11:56:11,786 [ERROR] error message
2019-06-22 11:56:11,786 [FATAL] emerg message
2019-06-22 11:56:11,786 [INFO] info message
2019-06-22 11:56:11,786 [FATAL] fatal message
2019-06-22 11:56:11,786 [WARN] warn message
2019-06-22 11:56:11,786 [ALERT] alert message
2019-06-22 11:56:11,786 [CRIT] crit message
2019-06-22 11:56:11,786 [DEBUG] debug message
2019-06-22 11:56:11,786 [ERROR] error message
2019-06-22 11:56:11,786 [FATAL] emerg message
2019-06-22 11:56:11,786 [INFO] info message
2019-06-22 11:56:11,786 [FATAL] fatal message
2019-06-22 11:56:11,786 [WARN] warn message
2019-06-22 11:56:11,786 [ALERT] alert message
2019-06-22 11:56:11,786 [CRIT] crit message
2019-06-22 11:56:11,786 [DEBUG] debug message
2019-06-22 11:56:11,786 [ERROR] error message
2019-06-22 11:56:11,786 [FATAL] emerg message
2019-06-22 11:56:11,786 [INFO] info message
2019-06-22 11:56:11,786 [FATAL] fatal message
2019-06-22 11:56:11,786 [WARN] warn message
2019-06-22 11:56:11,786 [ALERT] alert message
2019-06-22 11:56:11,786 [CRIT] crit message
2019-06-22 11:56:11,786 [DEBUG] debug message
2019-06-22 11:56:11,786 [ERROR] error message
2019-06-22 11:56:11,786 [FATAL] emerg message
2019-06-22 11:56:11,786 [INFO] info message
2019-06-22 11:56:11,786 [FATAL] fatal message
2019-06-22 11:56:11,786 [WARN] warn message
2019-06-22 11:56:11,786 [ALERT] alert message
2019-06-22 11:56:11,786 [CRIT] crit message
2019-06-22 11:56:11,786 [DEBUG] debug message
2019-06-22 11:56:11,786 [ERROR] error message
2019-06-22 11:56:11,786 [FATAL] emerg message
2019-06-22 11:56:11,786 [INFO] info message
2019-06-22 11:56:11,786 [FATAL] fatal message
2019-06-22 11:56:11,786 [WARN] warn message
2019-06-22 11:56:11,786 [ALERT] alert message
2019-06-22 11:56:11,787 [CRIT] crit message
2019-06-22 11:56:11,787 [DEBUG] debug message
2019-06-22 11:56:11,787 [ERROR] error message
2019-06-22 11:56:11,787 [FATAL] emerg message
2019-06-22 11:56:11,787 [INFO] info message
2019-06-22 11:56:11,787 [FATAL] fatal message
2019-06-22 11:56:11,787 [WARN] warn message
2019-06-22 11:56:11,787 [ALERT] alert message
2019-06-22 11:56:11,787 [CRIT] crit message
2019-06-22 11:56:11,787 [DEBUG] debug message
2019-06-22 11:56:11,787 [ERROR] error message
2019-06-22 11:56:11,787 [FATAL] emerg message
2019-06-22 11:56:11,787 [INFO] info message
2019-06-22 11:56:11,787 [FATAL] fatal message
2019-06-22 11:56:11,787 [WARN] warn message
2019-06-22 11:56:11,787 [ALERT] alert message
2019-06-22 11:56:11,787 [CRIT] crit message
2019-06-22 11:56:11,787 [DEBUG] debug message
2019-06-22 11:56:11,787 [ERROR] error message
2019-06-22 11:56:11,787 [FATAL] emerg message
2019-06-22 11:56:11,787 [INFO] info message
2019-06-22 11:56:11,787 [FATAL] fatal message
2019-06-22 11:56:11,787 [WARN] warn message
2019-06-22 11:56:11,787 [ALERT] alert message
2019-06-22 11:56:11,787 [CRIT] crit message
2019-06-22 11:56:11,787 [DEBUG] debug message
2019-06-22 11:56:11,787 [ERROR] error message
2019-06-22 11:56:11,788 [FATAL] emerg message
2019-06-22 11:56:11,788 [INFO] info message
2019-06-22 11:56:11,788 [FATAL] fatal message
2019-06-22 11:56:11,788 [WARN] warn message
2019-06-22 11:56:11,788 [ALERT] alert message
2019-06-22 11:56:11,788 [CRIT] crit message
2019-06-22 11:56:11,788 [DEBUG] debug message
2019-06-22 11:56:11,788 [ERROR] error message
2019-06-22 11:56:11,788 [FATAL] emerg message
2019-06-22 11:56:11,788 [INFO] info message
2019-06-22 11:56:11,788 [FATAL] fatal message
2019-06-22 11:56:11,788 [WARN] warn message
2019-06-22 11:56:11,788 [ALERT] alert message
2019-06-22 11:56:11,788 [CRIT] crit message
2019-06-22 11:56:11,788 [DEBUG] debug message
2019-06-22 11:56:11,788 [ERROR] error message
2019-06-22 11:56:11,788 [FATAL] emerg message
2019-06-22 11:56:11,788 [INFO] info message
2019-06-22 11:56:11,788 [FATAL] fatal message
2019-06-22 11:56:11,788 [WARN] warn message
2019-06-22 11:56:11,788 [ALERT] alert message
2019-06-22 11:56:11,788 [CRIT] crit message
2019-06-22 11:56:11,788 [DEBUG] debug message
2019-06-22 11:56:11,788 [ERROR] error message
2019-06-22 11:56:11,788 [FATAL] emerg message
2019-06-22 11:56:11,788 [INFO] info message
2019-06-22 11:56:11,788 [FATAL] fatal message
2019-06-22 11:56:11,788 [WARN] warn message
2019-06-22 11:56:11,788 [ALERT] alert message
2019-06-22 11:56:11,788 [CRIT] crit message
2019-06-22 11:56:11,789 [DEBUG] debug message
2019-06-22 11:56:11,789 [ERROR] error message
2019-06-22 11:56:11,789 [FATAL] emerg message
2019-06-22 11:56:11,789 [INFO] info message
2019-06-22 11:56:11,789 [FATAL] fatal message
2019-06-22 11:56:11,789 [WARN] warn message
2019-06-22 11:56:11,789 [ALERT] alert message
2019-06-22 11:56:11,789 [CRIT] crit message
2019-06-22 11:56:11,789 [DEBUG] debug message
2019-06-22 11:56:11,789 [ERROR] error message
2019-06-22 11:56:11,789 [FATAL] emerg message
2019-06-22 11:56:11,789 [INFO] info message
2019-06-22 11:56:11,789 [FATAL] fatal message
2019-06-22 11:56:11,789 [WARN] warn message
2019-06-22 11:56:11,789 [ALERT] alert message
2019-06-22 11:56:11,789 [CRIT] crit message
2019-06-22 11:56:11,789 [DEBUG] debug message
2019-06-22 11:56:11,789 [ERROR] error message
2019-06-22 11:56:11,789 [FATAL] emerg message
2019-06-22 11:56:11,789 [INFO] info message
2019-06-22 11:56:11,789 [FATAL] fatal message
2019-06-22 11:56:11,789 [WARN] warn message
2019-06-22 11:56:11,789 [ALERT] alert message
2019-06-22 11:56:11,789 [CRIT] crit message
2019-06-22 11:56:11,789 [DEBUG] debug message
2019-06-22 11:56:11,789 [ERROR] error message
2019-06-22 11:56:11,789 [FATAL] emerg message
2019-06-22 11:56:11,789 [INFO] info message
2019-06-22 11:56:11,789 [FATAL] fatal message
2019-06-22 11:56:11,789 [WARN] warn message
2019-06-22 11:56:11,790 [ALERT] alert message
2019-06-22 11:56:11,790 [CRIT] crit message
2019-06-22 11:56:11,790 [DEBUG] debug message
2019-06-22 11:56:11,790 [ERROR] error message
2019-06-22 11:56:11,790 [FATAL] emerg message
2019-06-22 11:56:11,790 [INFO] info message
2019-06-22 11:56:11,790 [FATAL] fatal message
2019-06-22 11:56:11,790 [WARN] warn message
2019-06-22 11:56:11,790 [ALERT] alert message
2019-06-22 11:56:11,790 [CRIT] crit message
2019-06-22 11:56:11,790 [DEBUG] debug message
2019-06-22 11:56:11,790 [ERROR] error message
2019-06-22 11:56:11,790 [FATAL] emerg message
2019-06-22 11:56:11,790 [INFO] info message
2019-06-22 11:56:11,790 [FATAL] fatal message
2019-06-22 11:56:11,790 [WARN] warn message
2019-06-22 11:56:11,790 [ALERT] alert message
2019-06-22 11:56:11,790 [CRIT] crit message
2019-06-22 11:56:11,790 [DEBUG] debug message
2019-06-22 11:56:11,790 [ERROR] error message
2019-06-22 11:56:11,790 [FATAL] emerg message
2019-06-22 11:56:11,790 [INFO] info message
2019-06-22 11:56:11,790 [FATAL] fatal message
2019-06-22 11:56:11,790 [WARN] warn message
2019-06-22 11:56:11,790 [ALERT] alert message
2019-06-22 11:56:11,790 [CRIT] crit message
2019-06-22 11:56:11,790 [DEBUG] debug message
2019-06-22 11:56:11,790 [ERROR] error message
2019-06-22 11:56:11,790 [FATAL] emerg message
2019-06-22 11:56:11,790 [INFO] info message
2019-06-22 11:56:11,790 [FATAL] fatal message
2019-06-22 11:56:11,790 [WARN] warn message
2019-06-22 11:56:11,790 [ALERT] alert message
2019-06-22 11:56:11,790 [CRIT] crit message
2019-06-22 11:56:11,790 [DEBUG] debug message
2019-06-22 11:56:11,790 [ERROR] error message
2019-06-22 11:56:11,790 [FATAL] emerg message
2019-06-22 11:56:11,790 [INFO] info message
2019-06-22 11:56:11,790 [FATAL] fatal message
2019-06-22 11:56:11,790 [WARN] warn message
2019-06-22 11:56:11,790 [ALERT] alert message
2019-06-22 11:56:11,791 [CRIT] crit message
2019-06-22 11:56:11,791 [DEBUG] debug message
2019-06-22 11:56:11,791 [ERROR] error message
2019-06-22 11:56:11,791 [FATAL] emerg message
2019-06-22 11:56:11,791 [INFO] info message
2019-06-22 11:56:11,791 [FATAL] fatal message
2019-06-22 11:56:11,791 [WARN] warn message
2019-06-22 11:56:11,791 [ALERT] alert message
2019-06-22 11:56:11,791 [CRIT] crit message
2019-06-22 11:56:11,791 [DEBUG] debug message
2019-06-22 11:56:11,791 [ERROR] error message
2019-06-22 11:56:11,791 [FATAL] emerg message
2019-06-22 11:56:11,791 [INFO] info message
2019-06-22 11:56:11,791 [FATAL] fatal message
2019-06-22 11:56:11,791 [WARN] warn message
2019-06-22 11:56:11,791 [ALERT] alert message
2019-06-22 11:56:11,791 [CRIT] crit message
2019-06-22 11:56:11,791 [DEBUG] debug message
2019-06-22 11:56:11,791 [ERROR] error message
2019-06-22 11:56:11,791 [FATAL] emerg message
2019-06-22 11:56:11,791 [INFO] info message
2019-06-22 11:56:11,791 [FATAL] fatal message
2019-06-22 11:56:11,791 [WARN] warn message
2019-06-22 11:56:11,791 [ALERT] alert message
2019-06-22 11:56:11,791 [CRIT] crit message
2019-06-22 11:56:11,791 [DEBUG] debug message
2019-06-22 11:56:11,791 [ERROR] error message
2019-06-22 11:56:11,791 [FATAL] emerg message
2019-06-22 11:56:11,791 [INFO] info message
2019-06-22 11:56:11,791 [FATAL] fatal message
2019-06-22 11:56:11,791 [WARN] warn message
2019-06-22 11:56:11,791 [ALERT] alert message
2019-06-22 11:56:11,791 [CRIT] crit message
2019-06-22 11:56:11,791 [DEBUG] debug message
2019-06-22 11:56:11,791 [ERROR] error message
2019-06-22 11:56:11,791 [FATAL] emerg message
2019-06-22 11:56:11,791 [INFO] info message
2019-06-22 11:56:11,791 [FATAL] fatal message
2019-06-22 11:56:11,791 [WARN] warn message
2019-06-22 11:56:11,791 [ALERT] alert message
2019-06-22 11:56:11,791 [CRIT] crit message
2019-06-22 11:56:11,791 [DEBUG] debug message
2019-06-22 11:56:11,791 [ERROR] error message
2019-06-22 11:56:11,791 [FATAL] emerg message
2019-06-22 11:56:11,791 [INFO] info message
2019-06-22 11:56:11,791 [FATAL] fatal message
2019-06-22 11:56:11,791 [WARN] warn message
2019-06-22 11:56:11,792 [ALERT] alert message
2019-06-22 11:56:11,792 [CRIT] crit message
2019-06-22 11:56:11,792 [DEBUG] debug message
2019-06-22 11:56:11,792 [ERROR] error message
2019-06-22 11:56:11,792 [FATAL] emerg message
2019-06-22 11:56:11,792 [INFO] info message
2019-06-22 11:56:11,792 [FATAL] fatal message
2019-06-22 11:56:11,792 [WARN] warn message
2019-06-22 11:56:11,792 [ALERT] alert message
2019-06-22 11:56:11,792 [CRIT] crit message
2019-06-22 11:56:11,792 [DEBUG] debug message
2019-06-22 11:56:11,792 [ERROR] error message
2019-06-22 11:56:11,792 [FATAL] emerg message
2019-06-22 11:56:11,792 [INFO] info message
2019-06-22 11:56:11,792 [FATAL] fatal message
2019-06-22 11:56:11,792 [WARN] warn message
2019-06-22 11:56:11,792 [ALERT] alert message
2019-06-22 11:56:11,792 [CRIT] crit message
2019-06-22 11:56:11,792 [DEBUG] debug message
2019-06-22 11:56:11,792 [ERROR] error message
2019-06-22 11:56:11,792 [FATAL] emerg message
2019-06-22 11:56:11,792 [INFO] info message
2019-06-22 11:56:11,792 [FATAL] fatal message
2019-06-22 11:56:11,792 [WARN] warn message
2019-06-22 11:56:11,792 [ALERT] alert message
2019-06-22 11:56:11,792 [CRIT] crit message
2019-06-22 11:56:11,792 [DEBUG] debug message
2019-06-22 11:56:11,792 [ERROR] error message
2019-06-22 11:56:11,792 [FATAL] emerg message
2019-06-22 11:56:11,792 [INFO] info message
2019-06-22 11:56:11,792 [FATAL] fatal message
2019-06-22 11:56:11,792 [WARN] warn message
2019-06-22 11:56:11,792 [ALERT] alert message
2019-06-22 11:56:11,792 [CRIT] crit message
2019-06-22 11:56:11,792 [DEBUG] debug message
2019-06-22 11:56:11,792 [ERROR] error message
2019-06-22 11:56:11,792 [FATAL] emerg message
2019-06-22 11:56:11,792 [INFO] info message
2019-06-22 11:56:11,792 [FATAL] fatal message
2019-06-22 11:56:11,792 [WARN] warn message
2019-06-22 11:56:11,792 [ALERT] alert message
2019-06-22 11:56:11,792 [CRIT] crit message
2019-06-22 11:56:11,792 [DEBUG] debug message
2019-06-22 11:56:11,792 [ERROR] error message
2019-06-22 11:56:11,792 [FATAL] emerg message
2019-06-22 11:56:11,792 [INFO] info message
2019-06-22 11:56:11,792 [FATAL] fatal message
2019-06-22 11:56:11,792 [WARN] warn message
2019-06-22 11:56:11,792 [ALERT] alert message
2019-06-22 11:56:11,792 [CRIT] crit message
2019-06-22 11:56:11,792 [DEBUG] debug message
2019-06-22 11:56:11,792 [ERROR] error message
2019-06-22 11:56:11,792 [FATAL] emerg message
2019-06-22 11:56:11,792 [INFO] info message
2019-06-22 11:56:11,792 [FATAL] fatal message
2019-06-22 11:56:11,792 [WARN] warn message
2019-06-22 11:56:11,792 [ALERT] alert message
2019-06-22 11:56:11,792 [CRIT] crit message
2019-06-22 11:56:11,792 [DEBUG] debug message
2019-06-22 11:56:11,792 [ERROR] error message
2019-06-22 11:56:11,792 [FATAL] emerg message
2019-06-22 11:56:11,792 [INFO] info message
2019-06-22 11:56:11,792 [FATAL] fatal message
2019-06-22 11:56:11,792 [WARN] warn message
2019-06-22 11:56:11,792 [ALERT] alert message
2019-06-22 11:56:11,792 [CRIT] crit message
2019-06-22 11:56:11,792 [DEBUG] debug message
2019-06-22 11:56:11,792 [ERROR] error message
2019-06-22 11:56:11,792 [FATAL] emerg message
2019-06-22 11:56:11,792 [INFO] info message
2019-06-22 11:56:11,792 [FATAL] fatal message
2019-06-22 11:56:11,793 [WARN] warn message
2019-06-22 11:56:11,793 [ALERT] alert message
2019-06-22 11:56:11,793 [CRIT] crit message
2019-06-22 11:56:11,793 [DEBUG] debug message
2019-06-22 11:56:11,793 [ERROR] error message
2019-06-22 11:56:11,793 [FATAL] emerg message
2019-06-22 11:56:11,793 [INFO] info message
2019-06-22 11:56:11,793 [FATAL] fatal message
2019-06-22 11:56:11,793 [WARN] warn message
2019-06-22 11:56:11,793 [ALERT] alert message
2019-06-22 11:56:11,793 [CRIT] crit message
2019-06-22 11:56:11,793 [DEBUG] debug message
2019-06-22 11:56:11,793 [ERROR] error message
2019-06-22 11:56:11,793 [FATAL] emerg message
2019-06-22 11:56:11,793 [INFO] info message
2019-06-22 11:56:11,793 [FATAL] fatal message
2019-06-22 11:56:11,793 [WARN] warn message
2019-06-22 11:56:11,793 [ALERT] alert message
2019-06-22 11:56:11,793 [CRIT] crit message
2019-06-22 11:56:11,793 [DEBUG] debug message
2019-06-22 11:56:11,793 [ERROR] error message
2019-06-22 11:56:11,793 [FATAL] emerg message
2019-06-22 11:56:11,793 [INFO] info message
2019-06-22 11:56:11,793 [FATAL] fatal message
2019-06-22 11:56:11,793 [WARN] warn message
2019-06-22 11:56:11,793 [ALERT] alert message
2019-06-22 11:56:11,793 [CRIT] crit message
2019-06-22 11:56:11,793 [DEBUG] debug message
2019-06-22 11:56:11,793 [ERROR] error message
2019-06-22 11:56:11,793 [FATAL] emerg message
2019-06-22 11:56:11,793 [INFO] info message
2019-06-22 11:56:11,793 [FATAL] fatal message
2019-06-22 11:56:11,793 [WARN] warn message
2019-06-22 11:56:11,793 [ALERT] alert message
2019-06-22 11:56:11,793 [CRIT] crit message
2019-06-22 11:56:11,793 [DEBUG] debug message
2019-06-22 11:56:11,793 [ERROR] error message
2019-06-22 11:56:11,793 [FATAL] emerg message
2019-06-22 11:56:11,793 [INFO] info message
2019-06-22 11:56:11,793 [FATAL] fatal message
2019-06-22 11:56:11,793 [WARN] warn message
2019-06-22 11:56:11,793 [ALERT] alert message
2019-06-22 11:56:11,793 [CRIT] crit message
2019-06-22 11:56:11,793 [DEBUG] debug message
2019-06-22 11:56:11,793 [ERROR] error message
2019-06-22 11:56:11,793 [FATAL] emerg message
2019-06-22 11:56:11,793 [INFO] info message
2019-06-22 11:56:11,793 [FATAL] fatal message
2019-06-22 11:56:11,793 [WARN] warn message
2019-06-22 11:56:11,793 [ALERT] alert message
2019-06-22 11:56:11,793 [CRIT] crit message
2019-06-22 11:56:11,793 [DEBUG] debug message
2019-06-22 11:56:11,793 [ERROR] error message
2019-06-22 11:56:11,793 [FATAL] emerg message
2019-06-22 11:56:11,793 [INFO] info message
2019-06-22 11:56:11,793 [FATAL] fatal message
2019-06-22 11:56:11,793 [WARN] warn message
2019-06-22 11:56:11,793 [ALERT] alert message
2019-06-22 11:56:11,793 [CRIT] crit message
2019-06-22 11:56:11,793 [DEBUG] debug message
2019-06-22 11:56:11,793 [ERROR] error message
2019-06-22 11:56:11,793 [FATAL] emerg message
2019-06-22 11:56:11,793 [INFO] info message
2019-06-22 11:56:11,793 [FATAL] fatal message
2019-06-22 11:56:11,793 [WARN] warn message
2019-06-22 11:56:11,793 [ALERT] alert message
2019-06-22 11:56:11,793 [CRIT] crit message
2019-06-22 11:56:11,793 [DEBUG] debug message
2019-06-22 11:56:11,793 [ERROR] error message
2019-06-22 11:56:11,793 [FATAL] emerg message
2019-06-22 11:56:11,793 [INFO] info message
2019-06-22 11:56:11,793 [FATAL] fatal message
2019-06-22 11:56:11,793 [WARN] warn message
2019-06-22 11:56:11,793 [ALERT] alert message
2019-06-22 11:56:11,793 [CRIT] crit message
2019-06-22 11:56:11,793 [DEBUG] debug message
2019-06-22 11:56:11,794 [ERROR] error message
2019-06-22 11:56:11,794 [FATAL] emerg message
2019-06-22 11:56:11,794 [INFO] info message
2019-06-22 11:56:11,794 [FATAL] fatal message
2019-06-22 11:56:11,794 [WARN] warn message
2019-06-22 11:56:11,794 [ALERT] alert message
2019-06-22 11:56:11,794 [CRIT] crit message
2019-06-22 11:56:11,794 [DEBUG] debug message
2019-06-22 11:56:11,794 [ERROR] error message
2019-06-22 11:56:11,794 [FATAL] emerg message
2019-06-22 11:56:11,794 [INFO] info message
2019-06-22 11:56:11,794 [FATAL] fatal message
2019-06-22 11:56:11,794 [WARN] warn message
2019-06-22 11:56:11,794 [ALERT] alert message
2019-06-22 11:56:11,794 [CRIT] crit message
2019-06-22 11:56:11,794 [DEBUG] debug message
2019-06-22 11:56:11,794 [ERROR] error message
2019-06-22 11:56:11,794 [FATAL] emerg message
2019-06-22 11:56:11,794 [INFO] info message
2019-06-22 11:56:11,794 [FATAL] fatal message
2019-06-22 11:56:11,794 [WARN] warn message
2019-06-22 11:56:11,794 [ALERT] alert message
2019-06-22 11:56:11,794 [CRIT] crit message
2019-06-22 11:56:11,794 [DEBUG] debug message
2019-06-22 11:56:11,794 [ERROR] error message
2019-06-22 11:56:11,794 [FATAL] emerg message
2019-06-22 11:56:11,794 [INFO] info message
2019-06-22 11:56:11,794 [FATAL] fatal message
2019-06-22 11:56:11,794 [WARN] warn message
2019-06-22 11:56:11,794 [ALERT] alert message
2019-06-22 11:56:11,794 [CRIT] crit message
2019-06-22 11:56:11,794 [DEBUG] debug message
2019-06-22 11:56:11,794 [ERROR] error message
2019-06-22 11:56:11,794 [FATAL] emerg message
2019-06-22 11:56:11,794 [INFO] info message
2019-06-22 11:56:11,794 [FATAL] fatal message
2019-06-22 11:56:11,794 [WARN] warn message
2019-06-22 11:56:11,794 [ALERT] alert message
2019-06-22 11:56:11,794 [CRIT] crit message
2019-06-22 11:56:11,794 [DEBUG] debug message
2019-06-22 11:56:11,794 [ERROR] error message
2019-06-22 11:56:11,794 [FATAL] emerg message
2019-06-22 11:56:11,795 [INFO] info message
2019-06-22 11:56:11,795 [FATAL] fatal message
2019-06-22 11:56:11,795 [WARN] warn message
2019-06-22 11:56:11,795 [ALERT] alert message
2019-06-22 11:56:11,795 [CRIT] crit message
2019-06-22 11:56:11,795 [DEBUG] debug message
2019-06-22 11:56:11,795 [ERROR] error message
2019-06-22 11:56:11,795 [FATAL] emerg message
2019-06-22 11:56:11,795 [INFO] info message
2019-06-22 11:56:11,795 [FATAL] fatal message
2019-06-22 11:56:11,795 [WARN] warn message
2019-06-22 11:56:11,795 [ALERT] alert message
2019-06-22 11:56:11,795 [CRIT] crit message
2019-06-22 11:56:11,795 [DEBUG] debug message
2019-06-22 11:56:11,795 [ERROR] error message
2019-06-22 11:56:11,795 [FATAL] emerg message
2019-06-22 11:56:11,795 [INFO] info message
2019-06-22 11:56:11,795 [FATAL] fatal message
2019-06-22 11:56:11,795 [WARN] warn message
2019-06-22 11:56:11,795 [ALERT] alert message
2019-06-22 11:56:11,795 [CRIT] crit message
2019-06-22 11:56:11,795 [DEBUG] debug message
2019-06-22 11:56:11,795 [ERROR] error message
2019-06-22 11:56:11,795 [FATAL] emerg message
2019-06-22 11:56:11,795 [INFO] info message
2019-06-22 11:56:11,795 [FATAL] fatal message
2019-06-22 11:56:11,795 [WARN] warn message
2019-06-22 11:56:11,795 [ALERT] alert message
2019-06-22 11:56:11,795 [CRIT] crit message
2019-06-22 11:56:11,795 [DEBUG] debug message
2019-06-22 11:56:11,795 [ERROR] error message
2019-06-22 11:56:11,795 [FATAL] emerg message
2019-06-22 11:56:11,795 [INFO] info message
2019-06-22 11:56:11,795 [FATAL] fatal message
2019-06-22 11:56:11,795 [WARN] warn message
2019-06-22 11:56:11,795 [ALERT] alert message
2019-06-22 11:56:11,795 [CRIT] crit message
2019-06-22 11:56:11,795 [DEBUG] debug message
2019-06-22 11:56:11,795 [ERROR] error message
2019-06-22 11:56:11,795 [FATAL] emerg message
2019-06-22 11:56:11,795 [INFO] info message
2019-06-22 11:56:11,795 [FATAL] fatal message
2019-06-22 11:56:11,795 [WARN] warn message
2019-06-22 11:56:11,795 [ALERT] alert message
2019-06-22 11:56:11,795 [CRIT] crit message
2019-06-22 11:56:11,795 [DEBUG] debug message
2019-06-22 11:56:11,795 [ERROR] error message
2019-06-22 11:56:11,796 [FATAL] emerg message
2019-06-22 11:56:11,796 [INFO] info message
2019-06-22 11:56:11,796 [FATAL] fatal message
2019-06-22 11:56:11,796 [WARN] warn message
2019-06-22 11:56:11,796 [ALERT] alert message
2019-06-22 11:56:11,796 [CRIT] crit message
2019-06-22 11:56:11,796 [DEBUG] debug message
2019-06-22 11:56:11,796 [ERROR] error message
2019-06-22 11:56:11,796 [FATAL] emerg message
2019-06-22 11:56:11,796 [INFO] info message
2019-06-22 11:56:11,796 [FATAL] fatal message
2019-06-22 11:56:11,796 [WARN] warn message
2019-06-22 11:56:11,796 [ALERT] alert message
2019-06-22 11:56:11,796 [CRIT] crit message
2019-06-22 11:56:11,796 [DEBUG] debug message
2019-06-22 11:56:11,796 [ERROR] error message
2019-06-22 11:56:11,796 [FATAL] emerg message
2019-06-22 11:56:11,796 [INFO] info message
2019-06-22 11:56:11,796 [FATAL] fatal message
2019-06-22 11:56:11,796 [WARN] warn message
2019-06-22 11:56:11,796 [ALERT] alert message
2019-06-22 11:56:11,796 [CRIT] crit message
2019-06-22 11:56:11,796 [DEBUG] debug message
2019-06-22 11:56:11,796 [ERROR] error message
2019-06-22 11:56:11,796 [FATAL] emerg message
2019-06-22 11:56:11,796 [INFO] info message
2019-06-22 11:56:11,796 [FATAL] fatal message
2019-06-22 11:56:11,796 [WARN] warn message
2019-06-22 11:56:11,796 [ALERT] alert message
2019-06-22 11:56:11,796 [CRIT] crit message
2019-06-22 11:56:11,796 [DEBUG] debug message
2019-06-22 11:56:11,796 [ERROR] error message
2019-06-22 11:56:11,796 [FATAL] emerg message
2019-06-22 11:56:11,796 [INFO] info message
2019-06-22 11:56:11,796 [FATAL] fatal message
2019-06-22 11:56:11,796 [WARN] warn message
2019-06-22 11:56:11,796 [ALERT] alert message
2019-06-22 11:56:11,796 [CRIT] crit message
2019-06-22 11:56:11,796 [DEBUG] debug message
2019-06-22 11:56:11,796 [ERROR] error message
2019-06-22 11:56:11,796 [FATAL] emerg message
2019-06-22 11:56:11,796 [INFO] info message
2019-06-22 11:56:11,796 [FATAL] fatal message
2019-06-22 11:56:11,796 [WARN] warn message
2019-06-22 11:56:11,796 [ALERT] alert message
2019-06-22 11:56:11,796 [CRIT] crit message
2019-06-22 11:56:11,796 [DEBUG] debug message
2019-06-22 11:56:11,796 [ERROR] error message
2019-06-22 11:56:11,796 [FATAL] emerg message
2019-06-22 11:56:11,796 [INFO] info message
2019-06-22 11:56:11,796 [FATAL] fatal message
2019-06-22 11:56:11,796 [WARN] warn message
2019-06-22 11:56:11,796 [ALERT] alert message
2019-06-22 11:56:11,796 [CRIT] crit message
2019-06-22 11:56:11,796 [DEBUG] debug message
2019-06-22 11:56:11,796 [ERROR] error message
2019-06-22 11:56:11,796 [FATAL] emerg message
2019-06-22 11:56:11,796 [INFO] info message
2019-06-22 11:56:11,796 [FATAL] fatal message
2019-06-22 11:56:11,796 [WARN] warn message
2019-06-22 11:56:11,796 [ALERT] alert message
2019-06-22 11:56:11,796 [CRIT] crit message
2019-06-22 11:56:11,796 [DEBUG] debug message
2019-06-22 11:56:11,796 [ERROR] error message
2019-06-22 11:56:11,797 [FATAL] emerg message
2019-06-22 11:56:11,797 [INFO] info message
2019-06-22 11:56:11,797 [FATAL] fatal message
2019-06-22 11:56:11,797 [WARN] warn message
2019-06-22 11:56:11,797 [ALERT] alert message
2019-06-22 11:56:11,797 [CRIT] crit message
2019-06-22 11:56:11,797 [DEBUG] debug message
2019-06-22 11:56:11,797 [ERROR] error message
2019-06-22 11:56:11,797 [FATAL] emerg message
2019-06-22 11:56:11,797 [INFO] info message
2019-06-22 11:56:11,797 [FATAL] fatal message
2019-06-22 11:56:11,797 [WARN] warn message
2019-06-22 11:56:11,797 [ALERT] alert message
2019-06-22 11:56:11,797 [CRIT] crit message
2019-06-22 11:56:11,797 [DEBUG] debug message
2019-06-22 11:56:11,797 [ERROR] error message
2019-06-22 11:56:11,797 [FATAL] emerg message
2019-06-22 11:56:11,797 [INFO] info message
2019-06-22 11:56:11,797 [FATAL] fatal message
2019-06-22 11:56:11,797 [WARN] warn message
2019-06-22 11:56:11,797 [ALERT] alert message
2019-06-22 11:56:11,797 [CRIT] crit message
2019-06-22 11:56:11,797 [DEBUG] debug message
2019-06-22 11:56:11,797 [ERROR] error message
2019-06-22 11:56:11,797 [FATAL] emerg message
2019-06-22 11:56:11,797 [INFO] info message
2019-06-22 11:56:11,797 [FATAL] fatal message
2019-06-22 11:56:11,797 [WARN] warn message
2019-06-22 11:56:11,797 [ALERT] alert message
2019-06-22 11:56:11,797 [CRIT] crit message
2019-06-22 11:56:11,797 [DEBUG] debug message
2019-06-22 11:56:11,797 [ERROR] error message
2019-06-22 11:56:11,797 [FATAL] emerg message
2019-06-22 11:56:11,797 [INFO] info message
2019-06-22 11:56:11,797 [FATAL] fatal message
2019-06-22 11:56:11,797 [WARN] warn message
2019-06-22 11:56:11,798 [ALERT] alert message
2019-06-22 11:56:11,798 [CRIT] crit message
2019-06-22 11:56:11,798 [DEBUG] debug message
2019-06-22 11:56:11,798 [ERROR] error message
2019-06-22 11:56:11,798 [FATAL] emerg message
2019-06-22 11:56:11,798 [INFO] info message
2019-06-22 11:56:11,798 [FATAL] fatal message
2019-06-22 11:56:11,798 [WARN] warn message
2019-06-22 11:56:11,798 [ALERT] alert message
2019-06-22 11:56:11,798 [CRIT] crit message
2019-06-22 11:56:11,798 [DEBUG] debug message
2019-06-22 11:56:11,798 [ERROR] error message
2019-06-22 11:56:11,798 [FATAL] emerg message
2019-06-22 11:56:11,798 [INFO] info message
2019-06-22 11:56:11,798 [FATAL] fatal message
2019-06-22 11:56:11,798 [WARN] warn message
2019-06-22 11:56:11,798 [ALERT] alert message
2019-06-22 11:56:11,798 [CRIT] crit message
2019-06-22 11:56:11,798 [DEBUG] debug message
2019-06-22 11:56:11,798 [ERROR] error message
2019-06-22 11:56:11,798 [FATAL] emerg message
2019-06-22 11:56:11,798 [INFO] info message
2019-06-22 11:56:11,798 [FATAL] fatal message
2019-06-22 11:56:11,798 [WARN] warn message
2019-06-22 11:56:11,798 [ALERT] alert message
2019-06-22 11:56:11,798 [CRIT] crit message
2019-06-22 11:56:11,798 [DEBUG] debug message
2019-06-22 11:56:11,798 [ERROR] error message
2019-06-22 11:56:11,798 [FATAL] emerg message
2019-06-22 11:56:11,798 [INFO] info message
2019-06-22 11:56:11,798 [FATAL] fatal message
2019-06-22 11:56:11,798 [WARN] warn message
2019-06-22 11:56:11,799 [ALERT] alert message
2019-06-22 11:56:11,799 [CRIT] crit message
2019-06-22 11:56:11,799 [DEBUG] debug message
2019-06-22 11:56:11,799 [ERROR] error message
2019-06-22 11:56:11,799 [FATAL] emerg message
2019-06-22 11:56:11,799 [INFO] info message
2019-06-22 11:56:11,799 [FATAL] fatal message
2019-06-22 11:56:11,799 [WARN] warn message
2019-06-22 11:56:11,799 [ALERT] alert message
2019-06-22 11:56:11,799 [CRIT] crit message
2019-06-22 11:56:11,799 [DEBUG] debug message
2019-06-22 11:56:11,799 [ERROR] error message
2019-06-22 11:56:11,799 [FATAL] emerg message
2019-06-22 11:56:11,799 [INFO] info message
2019-06-22 11:56:11,799 [FATAL] fatal message
2019-06-22 11:56:11,799 [WARN] warn message
2019-06-22 11:56:11,799 [ALERT] alert message
2019-06-22 11:56:11,799 [CRIT] crit message
2019-06-22 11:56:11,799 [DEBUG] debug message
2019-06-22 11:56:11,799 [ERROR] error message
2019-06-22 11:56:11,799 [FATAL] emerg message
2019-06-22 11:56:11,799 [INFO] info message
2019-06-22 11:56:11,799 [FATAL] fatal message
2019-06-22 11:56:11,799 [WARN] warn message
2019-06-22 11:56:11,799 [ALERT] alert message
2019-06-22 11:56:11,799 [CRIT] crit message
2019-06-22 11:56:11,799 [DEBUG] debug message
2019-06-22 11:56:11,799 [ERROR] error message
2019-06-22 11:56:11,799 [FATAL] emerg message
2019-06-22 11:56:11,799 [INFO] info message
2019-06-22 11:56:11,799 [FATAL] fatal message
2019-06-22 11:56:11,799 [WARN] warn message
2019-06-22 11:56:11,799 [ALERT] alert message
2019-06-22 11:56:11,799 [CRIT] crit message
2019-06-22 11:56:11,799 [DEBUG] debug message
2019-06-22 11:56:11,799 [ERROR] error message
2019-06-22 11:56:11,799 [FATAL] emerg message
2019-06-22 11:56:11,799 [INFO] info message
2019-06-22 11:56:11,799 [FATAL] fatal message
2019-06-22 11:56:11,799 [WARN] warn message
2019-06-22 11:56:11,799 [ALERT] alert message
2019-06-22 11:56:11,799 [CRIT] crit message
2019-06-22 11:56:11,799 [DEBUG] debug message
2019-06-22 11:56:11,799 [ERROR] error message
2019-06-22 11:56:11,799 [FATAL] emerg message
2019-06-22 11:56:11,799 [INFO] info message
2019-06-22 11:56:11,799 [FATAL] fatal message
2019-06-22 11:56:11,799 [WARN] warn message
2019-06-22 11:56:11,799 [ALERT] alert message
2019-06-22 11:56:11,799 [CRIT] crit message
2019-06-22 11:56:11,799 [DEBUG] debug message
2019-06-22 11:56:11,799 [ERROR] error message
2019-06-22 11:56:11,799 [FATAL] emerg message
2019-06-22 11:56:11,799 [INFO] info message
2019-06-22 11:56:11,799 [FATAL] fatal message
2019-06-22 11:56:11,799 [WARN] warn message
2019-06-22 11:56:11,799 [ALERT] alert message
2019-06-22 11:56:11,799 [CRIT] crit message
2019-06-22 11:56:11,799 [DEBUG] debug message
2019-06-22 11:56:11,799 [ERROR] error message
2019-06-22 11:56:11,800 [FATAL] emerg message
2019-06-22 11:56:11,800 [INFO] info message
2019-06-22 11:56:11,800 [FATAL] fatal message
2019-06-22 11:56:11,800 [WARN] warn message
2019-06-22 11:56:11,800 [ALERT] alert message
2019-06-22 11:56:11,800 [CRIT] crit message
2019-06-22 11:56:11,800 [DEBUG] debug message
2019-06-22 11:56:11,800 [ERROR] error message
2019-06-22 11:56:11,800 [FATAL] emerg message
2019-06-22 11:56:11,800 [INFO] info message
2019-06-22 11:56:11,800 [FATAL] fatal message
2019-06-22 11:56:11,800 [WARN] warn message
2019-06-22 11:56:11,800 [ALERT] alert message
2019-06-22 11:56:11,800 [CRIT] crit message
2019-06-22 11:56:11,800 [DEBUG] debug message
2019-06-22 11:56:11,800 [ERROR] error message
2019-06-22 11:56:11,800 [FATAL] emerg message
2019-06-22 11:56:11,800 [INFO] info message
2019-06-22 11:56:11,800 [FATAL] fatal message
2019-06-22 11:56:11,800 [WARN] warn message
2019-06-22 11:56:11,800 [ALERT] alert message
2019-06-22 11:56:11,800 [CRIT] crit message
2019-06-22 11:56:11,800 [DEBUG] debug message
2019-06-22 11:56:11,800 [ERROR] error message
2019-06-22 11:56:11,800 [FATAL] emerg message
2019-06-22 11:56:11,800 [INFO] info message
2019-06-22 11:56:11,800 [FATAL] fatal message
2019-06-22 11:56:11,800 [WARN] warn message
2019-06-22 11:56:11,800 [ALERT] alert message
2019-06-22 11:56:11,800 [CRIT] crit message
2019-06-22 11:56:11,800 [DEBUG] debug message
2019-06-22 11:56:11,800 [ERROR] error message
2019-06-22 11:56:11,800 [FATAL] emerg message
2019-06-22 11:56:11,800 [INFO] info message
2019-06-22 11:56:11,800 [FATAL] fatal message
2019-06-22 11:56:11,800 [WARN] warn message
2019-06-22 11:56:11,800 [ALERT] alert message
2019-06-22 11:56:11,800 [CRIT] crit message
2019-06-22 11:56:11,800 [DEBUG] debug message
2019-06-22 11:56:11,800 [ERROR] error message
2019-06-22 11:56:11,800 [FATAL] emerg message
2019-06-22 11:56:11,800 [INFO] info message
2019-06-22 11:56:11,800 [FATAL] fatal message
2019-06-22 11:56:11,800 [WARN] warn message
2019-06-22 11:56:11,800 [ALERT] alert message
2019-06-22 11:56:11,800 [CRIT] crit message
2019-06-22 11:56:11,800 [DEBUG] debug message
2019-06-22 11:56:11,800 [ERROR] error message
2019-06-22 11:56:11,800 [FATAL] emerg message
2019-06-22 11:56:11,801 [INFO] info message
2019-06-22 11:56:11,801 [FATAL] fatal message
2019-06-22 11:56:11,801 [WARN] warn message
2019-06-22 11:56:11,801 [ALERT] alert message
2019-06-22 11:56:11,801 [CRIT] crit message
2019-06-22 11:56:11,801 [DEBUG] debug message
2019-06-22 11:56:11,801 [ERROR] error message
2019-06-22 11:56:11,801 [FATAL] emerg message
2019-06-22 11:56:11,801 [INFO] info message
2019-06-22 11:56:11,801 [FATAL] fatal message
2019-06-22 11:56:11,801 [WARN] warn message
2019-06-22 11:56:11,801 [ALERT] alert message
2019-06-22 11:56:11,801 [CRIT] crit message
2019-06-22 11:56:11,801 [DEBUG] debug message
2019-06-22 11:56:11,801 [ERROR] error message
2019-06-22 11:56:11,801 [FATAL] emerg message
2019-06-22 11:56:11,801 [INFO] info message
2019-06-22 11:56:11,801 [FATAL] fatal message
2019-06-22 11:56:11,801 [WARN] warn message
2019-06-22 11:56:11,801 [ALERT] alert message
2019-06-22 11:56:11,801 [CRIT] crit message
2019-06-22 11:56:11,801 [DEBUG] debug message
2019-06-22 11:56:11,801 [ERROR] error message
2019-06-22 11:56:11,801 [FATAL] emerg message
2019-06-22 11:56:11,801 [INFO] info message
2019-06-22 11:56:11,801 [FATAL] fatal message
2019-06-22 11:56:11,801 [WARN] warn message
2019-06-22 11:56:11,801 [ALERT] alert message
2019-06-22 11:56:11,801 [CRIT] crit message
2019-06-22 11:56:11,801 [DEBUG] debug message
2019-06-22 11:56:11,801 [ERROR] error message
2019-06-22 11:56:11,801 [FATAL] emerg message
2019-06-22 11:56:11,801 [INFO] info message
2019-06-22 11:56:11,801 [FATAL] fatal message
2019-06-22 11:56:11,801 [WARN] warn message
2019-06-22 11:56:11,801 [ALERT] alert message
2019-06-22 11:56:11,801 [CRIT] crit message
2019-06-22 11:56:11,801 [DEBUG] debug message
2019-06-22 11:56:11,801 [ERROR] error message
2019-06-22 11:56:11,801 [FATAL] emerg message
2019-06-22 11:56:11,801 [INFO] info message
2019-06-22 11:56:11,801 [FATAL] fatal message
2019-06-22 11:56:11,801 [WARN] warn message
2019-06-22 11:56:11,801 [ALERT] alert message
2019-06-22 11:56:11,801 [CRIT] crit message
2019-06-22 11:56:11,801 [DEBUG] debug message
2019-06-22 11:56:11,801 [ERROR] error message
2019-06-22 11:56:11,801 [FATAL] emerg message
2019-06-22 11:56:11,801 [INFO] info message
2019-06-22 11:56:11,801 [FATAL] fatal message
2019-06-22 11:56:11,801 [WARN] warn message
2019-06-22 11:56:11,801 [ALERT] alert message
2019-06-22 11:56:11,801 [CRIT] crit message
2019-06-22 11:56:11,801 [DEBUG] debug message
2019-06-22 11:56:11,801 [ERROR] error message
2019-06-22 11:56:11,801 [FATAL] emerg message
2019-06-22 11:56:11,801 [INFO] info message
2019-06-22 11:56:11,801 [FATAL] fatal message
2019-06-22 11:56:11,801 [WARN] warn message
2019-06-22 11:56:11,801 [ALERT] alert message
2019-06-22 11:56:11,801 [CRIT] crit message
2019-06-22 11:56:11,801 [DEBUG] debug message
2019-06-22 11:56:11,801 [ERROR] error message
2019-06-22 11:56:11,801 [FATAL] emerg message
2019-06-22 11:56:11,801 [INFO] info message
2019-06-22 11:56:11,801 [FATAL] fatal message
2019-06-22 11:56:11,801 [WARN] warn message
2019-06-22 11:56:11,802 [ALERT] alert message
2019-06-22 11:56:11,802 [CRIT] crit message
2019-06-22 11:56:11,802 [DEBUG] debug message
2019-06-22 11:56:11,802 [ERROR] error message
2019-06-22 11:56:11,802 [FATAL] emerg message
2019-06-22 11:56:11,802 [INFO] info message
2019-06-22 11:56:11,802 [FATAL] fatal message
2019-06-22 11:56:11,802 [WARN] warn message
2019-06-22 11:56:11,802 [ALERT] alert message
2019-06-22 11:56:11,802 [CRIT] crit message
2019-06-22 11:56:11,802 [DEBUG] debug message
2019-06-22 11:56:11,802 [ERROR] error message
2019-06-22 11:56:11,802 [FATAL] emerg message
2019-06-22 11:56:11,802 [INFO] info message
2019-06-22 11:56:11,802 [FATAL] fatal message
2019-06-22 11:56:11,802 [WARN] warn message
2019-06-22 11:56:11,802 [ALERT] alert message
2019-06-22 11:56:11,802 [CRIT] crit message
2019-06-22 11:56:11,802 [DEBUG] debug message
2019-06-22 11:56:11,802 [ERROR] error message
2019-06-22 11:56:11,802 [FATAL] emerg message
2019-06-22 11:56:11,802 [INFO] info message
2019-06-22 11:56:11,802 [FATAL] fatal message
2019-06-22 11:56:11,802 [WARN] warn message
